<?xml version="1.0" encoding="UTF-8"?>
<!-- Generated by org.testng.reporters.JUnitXMLReporter -->
<testsuite hostname="ESI-PC7" ignored="0" name="Default test" tests="6" failures="0" timestamp="2020-09-16T22:10:56 IST" time="19.659" errors="0">
  <testcase name="TextBoxfields" time="2.384" classname="com.org.PradeepWebsite.tests.RegistrationTests"/>
  <testcase name="validateMStatus" time="2.215" classname="com.org.PradeepWebsite.tests.RegistrationTests"/>
  <testcase name="validategender" time="2.101" classname="com.org.PradeepWebsite.tests.RegistrationTests"/>
  <testcase name="validatecheckbox" time="1.096" classname="com.org.PradeepWebsite.tests.RegistrationTests"/>
  <testcase name="validateuploadImage" time="1.042" classname="com.org.PradeepWebsite.tests.RegistrationTests"/>
  <testcase name="validateRegisterButton" time="1.098" classname="com.org.PradeepWebsite.tests.RegistrationTests"/>
</testsuite> <!-- Default test -->
