<?xml version="1.0" encoding="UTF-8"?>
<testng-results skipped="0" failed="0" ignored="0" total="6" passed="6">
  <reporter-output>
  </reporter-output>
  <suite name="Default suite" duration-ms="19659" started-at="2020-09-16T22:10:37 IST" finished-at="2020-09-16T22:10:56 IST">
    <groups>
    </groups>
    <test name="Default test" duration-ms="19659" started-at="2020-09-16T22:10:37 IST" finished-at="2020-09-16T22:10:56 IST">
      <class name="com.org.PradeepWebsite.tests.RegistrationTests">
        <test-method status="PASS" signature="StartReport()[pri:0, instance:com.org.PradeepWebsite.tests.RegistrationTests@33f88ab]" name="StartReport" is-config="true" duration-ms="119" started-at="2020-09-16T22:10:37 IST" finished-at="2020-09-16T22:10:37 IST">
          <reporter-output>
          </reporter-output>
        </test-method> <!-- StartReport -->
        <test-method status="PASS" signature="OpenBrowser()[pri:0, instance:com.org.PradeepWebsite.tests.RegistrationTests@33f88ab]" name="OpenBrowser" is-config="true" duration-ms="7812" started-at="2020-09-16T22:10:37 IST" finished-at="2020-09-16T22:10:44 IST">
          <reporter-output>
          </reporter-output>
        </test-method> <!-- OpenBrowser -->
        <test-method status="PASS" signature="setup()[pri:0, instance:com.org.PradeepWebsite.tests.RegistrationTests@33f88ab]" name="setup" is-config="true" duration-ms="52" started-at="2020-09-16T22:10:45 IST" finished-at="2020-09-16T22:10:45 IST">
          <reporter-output>
          </reporter-output>
        </test-method> <!-- setup -->
        <test-method status="PASS" signature="TextBoxfields(java.lang.String, java.lang.String, java.lang.String, java.lang.String)[pri:1, instance:com.org.PradeepWebsite.tests.RegistrationTests@33f88ab]" name="TextBoxfields" duration-ms="2384" started-at="2020-09-16T22:10:45 IST" data-provider="testData" finished-at="2020-09-16T22:10:48 IST">
          <params>
            <param index="0">
              <value>
                <![CDATA[Subarna]]>
              </value>
            </param>
            <param index="1">
              <value>
                <![CDATA[MS]]>
              </value>
            </param>
            <param index="2">
              <value>
                <![CDATA[Ghatak]]>
              </value>
            </param>
            <param index="3">
              <value>
                <![CDATA[28]]>
              </value>
            </param>
          </params>
          <reporter-output>
          </reporter-output>
        </test-method> <!-- TextBoxfields -->
        <test-method status="PASS" signature="setup()[pri:0, instance:com.org.PradeepWebsite.tests.RegistrationTests@33f88ab]" name="setup" is-config="true" duration-ms="65" started-at="2020-09-16T22:10:48 IST" finished-at="2020-09-16T22:10:48 IST">
          <reporter-output>
          </reporter-output>
        </test-method> <!-- setup -->
        <test-method status="PASS" signature="validateMStatus()[pri:2, instance:com.org.PradeepWebsite.tests.RegistrationTests@33f88ab]" name="validateMStatus" duration-ms="2215" started-at="2020-09-16T22:10:48 IST" finished-at="2020-09-16T22:10:50 IST">
          <reporter-output>
          </reporter-output>
        </test-method> <!-- validateMStatus -->
        <test-method status="PASS" signature="setup()[pri:0, instance:com.org.PradeepWebsite.tests.RegistrationTests@33f88ab]" name="setup" is-config="true" duration-ms="32" started-at="2020-09-16T22:10:50 IST" finished-at="2020-09-16T22:10:50 IST">
          <reporter-output>
          </reporter-output>
        </test-method> <!-- setup -->
        <test-method status="PASS" signature="validategender()[pri:3, instance:com.org.PradeepWebsite.tests.RegistrationTests@33f88ab]" name="validategender" duration-ms="2101" started-at="2020-09-16T22:10:50 IST" finished-at="2020-09-16T22:10:52 IST">
          <reporter-output>
          </reporter-output>
        </test-method> <!-- validategender -->
        <test-method status="PASS" signature="setup()[pri:0, instance:com.org.PradeepWebsite.tests.RegistrationTests@33f88ab]" name="setup" is-config="true" duration-ms="39" started-at="2020-09-16T22:10:52 IST" finished-at="2020-09-16T22:10:52 IST">
          <reporter-output>
          </reporter-output>
        </test-method> <!-- setup -->
        <test-method status="PASS" signature="validatecheckbox()[pri:4, instance:com.org.PradeepWebsite.tests.RegistrationTests@33f88ab]" name="validatecheckbox" duration-ms="1096" started-at="2020-09-16T22:10:52 IST" finished-at="2020-09-16T22:10:53 IST">
          <reporter-output>
          </reporter-output>
        </test-method> <!-- validatecheckbox -->
        <test-method status="PASS" signature="setup()[pri:0, instance:com.org.PradeepWebsite.tests.RegistrationTests@33f88ab]" name="setup" is-config="true" duration-ms="27" started-at="2020-09-16T22:10:53 IST" finished-at="2020-09-16T22:10:53 IST">
          <reporter-output>
          </reporter-output>
        </test-method> <!-- setup -->
        <test-method status="PASS" signature="validateuploadImage()[pri:5, instance:com.org.PradeepWebsite.tests.RegistrationTests@33f88ab]" name="validateuploadImage" duration-ms="1042" started-at="2020-09-16T22:10:53 IST" finished-at="2020-09-16T22:10:54 IST">
          <reporter-output>
          </reporter-output>
        </test-method> <!-- validateuploadImage -->
        <test-method status="PASS" signature="setup()[pri:0, instance:com.org.PradeepWebsite.tests.RegistrationTests@33f88ab]" name="setup" is-config="true" duration-ms="31" started-at="2020-09-16T22:10:54 IST" finished-at="2020-09-16T22:10:54 IST">
          <reporter-output>
          </reporter-output>
        </test-method> <!-- setup -->
        <test-method status="PASS" signature="validateRegisterButton()[pri:6, instance:com.org.PradeepWebsite.tests.RegistrationTests@33f88ab]" name="validateRegisterButton" duration-ms="1098" started-at="2020-09-16T22:10:54 IST" finished-at="2020-09-16T22:10:56 IST">
          <reporter-output>
          </reporter-output>
        </test-method> <!-- validateRegisterButton -->
        <test-method status="PASS" signature="CloseBrowser()[pri:0, instance:com.org.PradeepWebsite.tests.RegistrationTests@33f88ab]" name="CloseBrowser" is-config="true" duration-ms="792" started-at="2020-09-16T22:10:56 IST" finished-at="2020-09-16T22:10:56 IST">
          <reporter-output>
          </reporter-output>
        </test-method> <!-- CloseBrowser -->
        <test-method status="PASS" signature="SaveReport()[pri:0, instance:com.org.PradeepWebsite.tests.RegistrationTests@33f88ab]" name="SaveReport" is-config="true" duration-ms="245" started-at="2020-09-16T22:10:56 IST" finished-at="2020-09-16T22:10:57 IST">
          <reporter-output>
          </reporter-output>
        </test-method> <!-- SaveReport -->
      </class> <!-- com.org.PradeepWebsite.tests.RegistrationTests -->
    </test> <!-- Default test -->
  </suite> <!-- Default suite -->
</testng-results>
